[2024-04-29 00:01:56] INFO root fetch - main [MainThread]: Get Changelog since Serial: [22971153]
[2024-04-29 00:02:00] INFO root fetch - main [MainThread]: Found 4 changed packages
[2024-04-29 00:02:00] INFO root fetch - processPackages [ThreadPoolExecutor-0_0]: Start processing: dbmaster
[2024-04-29 00:02:00] INFO root fetch - processPackages [ThreadPoolExecutor-0_1]: Start processing: oresat-configs
[2024-04-29 00:02:00] INFO root fetch - processPackages [ThreadPoolExecutor-0_2]: Start processing: eventeditor-GPT
[2024-04-29 00:02:00] INFO root fetch - processPackages [ThreadPoolExecutor-0_3]: Start processing: orford
[2024-04-29 00:02:00] INFO root fetch - processPackages [oresat-configs]: New version: [0.6.0] Old Version: [0.5.0]
[2024-04-29 00:02:00] INFO root fetch - processPackages [eventeditor-GPT]: New version: [1.3.8] Old Version: [1.0.1]
[2024-04-29 00:02:01] INFO root fetch - processPackages [oresat-configs]: Downloading https://files.pythonhosted.org/packages/13/ee/13497f0a138df46bd3e640a0a4f2c1e07d88ca652a0ac259bab04e2e000d/oresat_configs-0.5.0.tar.gz
[2024-04-29 00:02:01] INFO root fetch - processPackages [dbmaster]: New version: [0.2.0] Old Version: [0.1.1]
[2024-04-29 00:02:01] WARNING root fetch - processPackages [orford]: Skipping, unable to determine old version
[2024-04-29 00:02:01] INFO root fetch - main [MainThread]: End processing [orford] error
[2024-04-29 00:02:01] INFO root fetch - processPackages [eventeditor-GPT]: Downloading https://files.pythonhosted.org/packages/7e/c3/e388fe37f7f37f652c983ade83a7af7547230fe1c8c547d6f5a6796e2473/eventeditor-GPT-1.0.1.tar.gz
[2024-04-29 00:02:01] INFO root fetch - processPackages [dbmaster]: Downloading https://files.pythonhosted.org/packages/c3/6e/a13f8ca272d3954ef103faae81a62c99889d4cfafe9eac833a205c7f227a/dbmaster-0.1.1-py3-none-any.whl
[2024-04-29 00:02:01] INFO root fetch - processPackages [oresat-configs]: Downloading https://files.pythonhosted.org/packages/d2/12/d1e8837444157bff13a6cf49bf77845a6a2a0356bf069e51932c52f1d947/oresat_configs-0.6.0.tar.gz
[2024-04-29 00:02:01] INFO root fetch - processPackages [eventeditor-GPT]: Downloading https://files.pythonhosted.org/packages/da/48/f5588b121857313b9b6b086dcd9cdc867db0d4d6684f630b3c8ea12682cb/eventeditor_GPT-1.3.8-py3-none-any.whl
[2024-04-29 00:02:01] INFO root fetch - processPackages [oresat-configs]: executing diffoscope
[2024-04-29 00:02:01] INFO root fetch - processPackages [oresat-configs]: podman run --user 0:0 --rm -w /home/abi/fetcher -v /home/abi/fetcher/tmp:/home/abi/fetcher/tmp:ro -v /home/abi/fetcher/20240429:/home/abi/fetcher/20240429:rw registry.salsa.debian.org/reproducible-builds/diffoscope --no-progress tmp/oresat_configs-0.5.0.tar.gz tmp/oresat_configs-0.6.0.tar.gz --markdown 20240429/o/oresat-configs/0.5.0-0.6.0/README.md --exclude *.pyd
[2024-04-29 00:02:01] INFO root fetch - processPackages [eventeditor-GPT]: executing diffoscope
[2024-04-29 00:02:01] INFO root fetch - processPackages [eventeditor-GPT]: podman run --user 0:0 --rm -w /home/abi/fetcher -v /home/abi/fetcher/tmp:/home/abi/fetcher/tmp:ro -v /home/abi/fetcher/20240429:/home/abi/fetcher/20240429:rw registry.salsa.debian.org/reproducible-builds/diffoscope --no-progress tmp/eventeditor-GPT-1.0.1.tar.gz tmp/eventeditor_GPT-1.3.8-py3-none-any.whl.zip --markdown 20240429/e/eventeditor-GPT/1.0.1-1.3.8/README.md --exclude *.pyd
[2024-04-29 00:02:01] INFO root fetch - processPackages [dbmaster]: Downloading https://files.pythonhosted.org/packages/f7/cf/ca811432a08e7951e5dc4197ad61229694b367e897ce918e4db64ab78e25/dbmaster-0.2.0-py3-none-any.whl
[2024-04-29 00:02:01] INFO root fetch - processPackages [dbmaster]: executing diffoscope
[2024-04-29 00:02:01] INFO root fetch - processPackages [dbmaster]: podman run --user 0:0 --rm -w /home/abi/fetcher -v /home/abi/fetcher/tmp:/home/abi/fetcher/tmp:ro -v /home/abi/fetcher/20240429:/home/abi/fetcher/20240429:rw registry.salsa.debian.org/reproducible-builds/diffoscope --no-progress tmp/dbmaster-0.1.1-py3-none-any.whl.zip tmp/dbmaster-0.2.0-py3-none-any.whl.zip --markdown 20240429/d/dbmaster/0.1.1-0.2.0/README.md --exclude *.pyd
[2024-04-29 00:02:02] INFO root fetch - processPackages [eventeditor-GPT]: Remove: archive file [/home/abi/fetcher/tmp/eventeditor-GPT-1.0.1.tar.gz]
[2024-04-29 00:02:02] INFO root fetch - processPackages [eventeditor-GPT]: Remove: archive file [/home/abi/fetcher/tmp/eventeditor_GPT-1.3.8-py3-none-any.whl.zip]
[2024-04-29 00:02:02] INFO root fetch - main [MainThread]: End processing [eventeditor-GPT]: success
[2024-04-29 00:02:02] INFO root fetch - processPackages [dbmaster]: Remove: archive file [/home/abi/fetcher/tmp/dbmaster-0.1.1-py3-none-any.whl.zip]
[2024-04-29 00:02:02] INFO root fetch - processPackages [dbmaster]: Remove: archive file [/home/abi/fetcher/tmp/dbmaster-0.2.0-py3-none-any.whl.zip]
[2024-04-29 00:02:02] INFO root fetch - main [MainThread]: End processing [dbmaster]: success
[2024-04-29 00:02:02] INFO root fetch - processPackages [oresat-configs]: Remove: archive file [/home/abi/fetcher/tmp/oresat_configs-0.5.0.tar.gz]
[2024-04-29 00:02:02] INFO root fetch - processPackages [oresat-configs]: Remove: archive file [/home/abi/fetcher/tmp/oresat_configs-0.6.0.tar.gz]
[2024-04-29 00:02:02] INFO root fetch - main [MainThread]: End processing [oresat-configs]: success
[2024-04-29 00:02:02] INFO root fetch - main [MainThread]: Store serial: [22971166]
[2024-04-29 00:04:05] INFO root fetch - main [MainThread]: Get Changelog since Serial: [22971166]
[2024-04-29 00:04:10] INFO root fetch - main [MainThread]: Found 1 changed packages
[2024-04-29 00:04:10] INFO root fetch - processPackages [ThreadPoolExecutor-0_0]: Start processing: prophetverse
[2024-04-29 00:04:11] WARNING root fetch - processPackages [prophetverse]: Skipping, unable to determine old version
[2024-04-29 00:04:11] INFO root fetch - main [MainThread]: End processing [prophetverse] error
[2024-04-29 00:04:11] INFO root fetch - main [MainThread]: Store serial: [22971171]
[2024-04-29 00:06:14] INFO root fetch - main [MainThread]: Get Changelog since Serial: [22971171]
[2024-04-29 00:06:19] INFO root fetch - main [MainThread]: Found 2 changed packages
[2024-04-29 00:06:19] INFO root fetch - processPackages [ThreadPoolExecutor-0_0]: Start processing: fastapi-tarpit
[2024-04-29 00:06:19] INFO root fetch - processPackages [ThreadPoolExecutor-0_1]: Start processing: zer1t0-aze
[2024-04-29 00:06:19] INFO root fetch - processPackages [zer1t0-aze]: New version: [0.0.4] Old Version: [0.0.3]
[2024-04-29 00:06:19] INFO root fetch - processPackages [zer1t0-aze]: Downloading https://files.pythonhosted.org/packages/d0/5b/f37f410c31454b94c0cfd4f376b5ef778c18ad31628eae9a37f3eaf3e2fc/zer1t0_aze-0.0.3.tar.gz
[2024-04-29 00:06:19] WARNING root fetch - processPackages [fastapi-tarpit]: Skipping, unable to determine old version
[2024-04-29 00:06:19] INFO root fetch - main [MainThread]: End processing [fastapi-tarpit] error
[2024-04-29 00:06:19] INFO root fetch - processPackages [zer1t0-aze]: Downloading https://files.pythonhosted.org/packages/33/5a/5d6fb6aab9962dcb2721ee7942206e83682520d942813c3b652dda35f73c/zer1t0_aze-0.0.4.tar.gz
[2024-04-29 00:06:19] INFO root fetch - processPackages [zer1t0-aze]: executing diffoscope
[2024-04-29 00:06:19] INFO root fetch - processPackages [zer1t0-aze]: podman run --user 0:0 --rm -w /home/abi/fetcher -v /home/abi/fetcher/tmp:/home/abi/fetcher/tmp:ro -v /home/abi/fetcher/20240429:/home/abi/fetcher/20240429:rw registry.salsa.debian.org/reproducible-builds/diffoscope --no-progress tmp/zer1t0_aze-0.0.3.tar.gz tmp/zer1t0_aze-0.0.4.tar.gz --markdown 20240429/z/zer1t0-aze/0.0.3-0.0.4/README.md --exclude *.pyd
[2024-04-29 00:06:20] INFO root fetch - processPackages [zer1t0-aze]: Remove: archive file [/home/abi/fetcher/tmp/zer1t0_aze-0.0.3.tar.gz]
[2024-04-29 00:06:20] INFO root fetch - processPackages [zer1t0-aze]: Remove: archive file [/home/abi/fetcher/tmp/zer1t0_aze-0.0.4.tar.gz]
[2024-04-29 00:06:20] INFO root fetch - main [MainThread]: End processing [zer1t0-aze]: success
[2024-04-29 00:06:20] INFO root fetch - main [MainThread]: Store serial: [22971179]
[2024-04-29 00:08:24] INFO root fetch - main [MainThread]: Get Changelog since Serial: [22971179]
[2024-04-29 00:08:28] INFO root fetch - main [MainThread]: Found 1 changed packages
[2024-04-29 00:08:28] INFO root fetch - processPackages [ThreadPoolExecutor-0_0]: Start processing: eventeditor-GPT
[2024-04-29 00:08:29] INFO root fetch - processPackages [eventeditor-GPT]: New version: [1.3.8] Old Version: [1.0.2]
[2024-04-29 00:08:29] INFO root fetch - processPackages [eventeditor-GPT]: Downloading https://files.pythonhosted.org/packages/59/bd/d877319a89cf5178685e71a673284e032e86a966fc7c438c960e9d713209/eventeditor-GPT-1.0.2.tar.gz
[2024-04-29 00:08:29] INFO root fetch - processPackages [eventeditor-GPT]: Downloading https://files.pythonhosted.org/packages/da/48/f5588b121857313b9b6b086dcd9cdc867db0d4d6684f630b3c8ea12682cb/eventeditor_GPT-1.3.8-py3-none-any.whl
[2024-04-29 00:08:29] INFO root fetch - processPackages [eventeditor-GPT]: executing diffoscope
[2024-04-29 00:08:29] INFO root fetch - processPackages [eventeditor-GPT]: podman run --user 0:0 --rm -w /home/abi/fetcher -v /home/abi/fetcher/tmp:/home/abi/fetcher/tmp:ro -v /home/abi/fetcher/20240429:/home/abi/fetcher/20240429:rw registry.salsa.debian.org/reproducible-builds/diffoscope --no-progress tmp/eventeditor-GPT-1.0.2.tar.gz tmp/eventeditor_GPT-1.3.8-py3-none-any.whl.zip --markdown 20240429/e/eventeditor-GPT/1.0.2-1.3.8/README.md --exclude *.pyd
[2024-04-29 00:08:30] INFO root fetch - processPackages [eventeditor-GPT]: Remove: archive file [/home/abi/fetcher/tmp/eventeditor-GPT-1.0.2.tar.gz]
[2024-04-29 00:08:30] INFO root fetch - processPackages [eventeditor-GPT]: Remove: archive file [/home/abi/fetcher/tmp/eventeditor_GPT-1.3.8-py3-none-any.whl.zip]
[2024-04-29 00:08:30] INFO root fetch - main [MainThread]: End processing [eventeditor-GPT]: success
[2024-04-29 00:08:30] INFO root fetch - main [MainThread]: Store serial: [22971182]
[2024-04-29 00:10:33] INFO root fetch - main [MainThread]: Get Changelog since Serial: [22971182]
[2024-04-29 00:10:38] INFO root fetch - main [MainThread]: Found 4 changed packages
[2024-04-29 00:10:38] INFO root fetch - processPackages [ThreadPoolExecutor-0_0]: Start processing: funtoo-ramdisk
[2024-04-29 00:10:38] INFO root fetch - processPackages [ThreadPoolExecutor-0_1]: Start processing: aviatrix-migration-nat
[2024-04-29 00:10:38] INFO root fetch - processPackages [ThreadPoolExecutor-0_2]: Start processing: bpx-py
[2024-04-29 00:10:38] INFO root fetch - processPackages [ThreadPoolExecutor-0_3]: Start processing: octree-creation-app
[2024-04-29 00:10:38] WARNING root fetch - processPackages [bpx-py]: Skipping, unable to determine old version
[2024-04-29 00:10:38] INFO root fetch - main [MainThread]: End processing [bpx-py] error
[2024-04-29 00:10:38] INFO root fetch - processPackages [funtoo-ramdisk]: New version: [1.1.9] Old Version: [1.1.8]
[2024-04-29 00:10:38] INFO root fetch - processPackages [octree-creation-app]: New version: [0.1.0rc1] Old Version: [0.1.0a5]
[2024-04-29 00:10:38] INFO root fetch - processPackages [aviatrix-migration-nat]: New version: [0.9.1] Old Version: [0.8.4]
[2024-04-29 00:10:38] INFO root fetch - processPackages [funtoo-ramdisk]: Downloading https://files.pythonhosted.org/packages/fa/a9/ef20abf6a7c37f79dec2d67bb8b8d1fefefc573195f32eb943558d8597db/funtoo_ramdisk-1.1.8.tar.gz
[2024-04-29 00:10:38] INFO root fetch - processPackages [octree-creation-app]: Downloading https://files.pythonhosted.org/packages/94/17/8a163ae2996e9bb07e693a897803b89185f3753d1181d92a2626cb4b1487/octree_creation_app-0.1.0a5.tar.gz
[2024-04-29 00:10:39] INFO root fetch - processPackages [aviatrix-migration-nat]: Downloading https://files.pythonhosted.org/packages/cb/47/92651d92ccba0fbe9e38d333a7b5429e4de29cde51799fffc63cbd67ef8f/aviatrix_migration_nat-0.8.4-cp39-cp39-win_amd64.whl
[2024-04-29 00:10:39] INFO root fetch - processPackages [funtoo-ramdisk]: Downloading https://files.pythonhosted.org/packages/dd/08/9f1cdd46afa442da53cf8c4372adc9059d36e9e99c7fd438132df3f19a43/funtoo_ramdisk-1.1.9.tar.gz
[2024-04-29 00:10:39] INFO root fetch - processPackages [octree-creation-app]: Downloading https://files.pythonhosted.org/packages/e8/b9/a2aa9035887dce4c31c1116346c9b656ba7aced2fe68f5ab2d08167c0b15/octree_creation_app-0.1.0rc1.tar.gz
[2024-04-29 00:10:39] INFO root fetch - processPackages [funtoo-ramdisk]: executing diffoscope
[2024-04-29 00:10:39] INFO root fetch - processPackages [funtoo-ramdisk]: podman run --user 0:0 --rm -w /home/abi/fetcher -v /home/abi/fetcher/tmp:/home/abi/fetcher/tmp:ro -v /home/abi/fetcher/20240429:/home/abi/fetcher/20240429:rw registry.salsa.debian.org/reproducible-builds/diffoscope --no-progress tmp/funtoo_ramdisk-1.1.8.tar.gz tmp/funtoo_ramdisk-1.1.9.tar.gz --markdown 20240429/f/funtoo-ramdisk/1.1.8-1.1.9/README.md --exclude *.pyd
[2024-04-29 00:10:39] INFO root fetch - processPackages [octree-creation-app]: executing diffoscope
[2024-04-29 00:10:39] INFO root fetch - processPackages [octree-creation-app]: podman run --user 0:0 --rm -w /home/abi/fetcher -v /home/abi/fetcher/tmp:/home/abi/fetcher/tmp:ro -v /home/abi/fetcher/20240429:/home/abi/fetcher/20240429:rw registry.salsa.debian.org/reproducible-builds/diffoscope --no-progress tmp/octree_creation_app-0.1.0a5.tar.gz tmp/octree_creation_app-0.1.0rc1.tar.gz --markdown 20240429/o/octree-creation-app/0.1.0a5-0.1.0rc1/README.md --exclude *.pyd
[2024-04-29 00:10:39] INFO root fetch - processPackages [aviatrix-migration-nat]: Downloading https://files.pythonhosted.org/packages/37/f7/0efcc81caba5ea189e83b5143600bfe51793e6a7b54710565f85a0bcc609/aviatrix_migration_nat-0.9.1-cp37-cp37m-win_amd64.whl
[2024-04-29 00:10:40] INFO root fetch - processPackages [octree-creation-app]: Remove: archive file [/home/abi/fetcher/tmp/octree_creation_app-0.1.0a5.tar.gz]
[2024-04-29 00:10:40] INFO root fetch - processPackages [octree-creation-app]: Remove: archive file [/home/abi/fetcher/tmp/octree_creation_app-0.1.0rc1.tar.gz]
[2024-04-29 00:10:40] INFO root fetch - main [MainThread]: End processing [octree-creation-app]: success
[2024-04-29 00:10:40] INFO root fetch - processPackages [funtoo-ramdisk]: Remove: archive file [/home/abi/fetcher/tmp/funtoo_ramdisk-1.1.8.tar.gz]
[2024-04-29 00:10:40] INFO root fetch - processPackages [funtoo-ramdisk]: Remove: archive file [/home/abi/fetcher/tmp/funtoo_ramdisk-1.1.9.tar.gz]
[2024-04-29 00:10:40] INFO root fetch - main [MainThread]: End processing [funtoo-ramdisk]: success
[2024-04-29 00:10:41] INFO root fetch - processPackages [aviatrix-migration-nat]: executing diffoscope
[2024-04-29 00:10:41] INFO root fetch - processPackages [aviatrix-migration-nat]: podman run --user 0:0 --rm -w /home/abi/fetcher -v /home/abi/fetcher/tmp:/home/abi/fetcher/tmp:ro -v /home/abi/fetcher/20240429:/home/abi/fetcher/20240429:rw registry.salsa.debian.org/reproducible-builds/diffoscope --no-progress tmp/aviatrix_migration_nat-0.8.4-cp39-cp39-win_amd64.whl.zip tmp/aviatrix_migration_nat-0.9.1-cp37-cp37m-win_amd64.whl.zip --markdown 20240429/a/aviatrix-migration-nat/0.8.4-0.9.1/README.md --exclude *.pyd
[2024-04-29 00:10:41] INFO root fetch - processPackages [aviatrix-migration-nat]: Remove: archive file [/home/abi/fetcher/tmp/aviatrix_migration_nat-0.8.4-cp39-cp39-win_amd64.whl.zip]
[2024-04-29 00:10:41] INFO root fetch - processPackages [aviatrix-migration-nat]: Remove: archive file [/home/abi/fetcher/tmp/aviatrix_migration_nat-0.9.1-cp37-cp37m-win_amd64.whl.zip]
[2024-04-29 00:10:41] INFO root fetch - main [MainThread]: End processing [aviatrix-migration-nat]: success
[2024-04-29 00:10:41] INFO root fetch - main [MainThread]: Store serial: [22971201]
[2024-04-29 00:12:45] INFO root fetch - main [MainThread]: Get Changelog since Serial: [22971201]
[2024-04-29 00:12:50] INFO root fetch - main [MainThread]: Found 1 changed packages
[2024-04-29 00:12:50] INFO root fetch - processPackages [ThreadPoolExecutor-0_0]: Start processing: bifabrik
[2024-04-29 00:12:50] INFO root fetch - processPackages [bifabrik]: New version: [0.7.1] Old Version: [0.7.0]
[2024-04-29 00:12:50] INFO root fetch - processPackages [bifabrik]: Downloading https://files.pythonhosted.org/packages/19/26/edfaf1eb2be1afd1cf3e6361ff8daebac81b71f69bb3079a48ba4e09987e/bifabrik-0.7.0.tar.gz
[2024-04-29 00:12:51] INFO root fetch - processPackages [bifabrik]: Downloading https://files.pythonhosted.org/packages/6c/3d/0080465192d7a5cd5926a16faa72e6314c5e1e541d8503cd14f21ce787c6/bifabrik-0.7.1.tar.gz
[2024-04-29 00:12:51] INFO root fetch - processPackages [bifabrik]: executing diffoscope
[2024-04-29 00:12:51] INFO root fetch - processPackages [bifabrik]: podman run --user 0:0 --rm -w /home/abi/fetcher -v /home/abi/fetcher/tmp:/home/abi/fetcher/tmp:ro -v /home/abi/fetcher/20240429:/home/abi/fetcher/20240429:rw registry.salsa.debian.org/reproducible-builds/diffoscope --no-progress tmp/bifabrik-0.7.0.tar.gz tmp/bifabrik-0.7.1.tar.gz --markdown 20240429/b/bifabrik/0.7.0-0.7.1/README.md --exclude *.pyd
[2024-04-29 00:12:51] INFO root fetch - processPackages [bifabrik]: Remove: archive file [/home/abi/fetcher/tmp/bifabrik-0.7.0.tar.gz]
[2024-04-29 00:12:51] INFO root fetch - processPackages [bifabrik]: Remove: archive file [/home/abi/fetcher/tmp/bifabrik-0.7.1.tar.gz]
[2024-04-29 00:12:51] INFO root fetch - main [MainThread]: End processing [bifabrik]: success
[2024-04-29 00:12:51] INFO root fetch - main [MainThread]: Store serial: [22971218]
[2024-04-29 00:14:56] INFO root fetch - main [MainThread]: Get Changelog since Serial: [22971218]
[2024-04-29 00:15:01] INFO root fetch - main [MainThread]: Found 9 changed packages
[2024-04-29 00:15:01] INFO root fetch - processPackages [ThreadPoolExecutor-0_0]: Start processing: indexify-extractor-sdk
[2024-04-29 00:15:01] INFO root fetch - processPackages [ThreadPoolExecutor-0_1]: Start processing: nova-framework
[2024-04-29 00:15:01] INFO root fetch - processPackages [ThreadPoolExecutor-0_2]: Start processing: flet-contrib-core
[2024-04-29 00:15:01] INFO root fetch - processPackages [ThreadPoolExecutor-0_3]: Start processing: flet-contrib-embed
[2024-04-29 00:15:01] INFO root fetch - processPackages [ThreadPoolExecutor-0_4]: Start processing: flet-contrib-pyodide
[2024-04-29 00:15:01] INFO root fetch - processPackages [ThreadPoolExecutor-0_5]: Start processing: flet-contrib-runtime
[2024-04-29 00:15:01] INFO root fetch - processPackages [ThreadPoolExecutor-0_6]: Start processing: flet-contribute
[2024-04-29 00:15:01] INFO root fetch - processPackages [ThreadPoolExecutor-0_7]: Start processing: sparkle-log
[2024-04-29 00:15:01] INFO root fetch - processPackages [ThreadPoolExecutor-0_8]: Start processing: eventeditor-GPT
[2024-04-29 00:15:01] INFO root fetch - processPackages [nova-framework]: New version: [0.3.1] Old Version: [0.3.0]
[2024-04-29 00:15:01] INFO root fetch - processPackages [indexify-extractor-sdk]: New version: [0.0.9] Old Version: [0.0.8]
[2024-04-29 00:15:01] INFO root fetch - processPackages [flet-contrib-core]: New version: [2024.4.28.2137] Old Version: [2024.4.28.2105]
[2024-04-29 00:15:01] INFO root fetch - processPackages [flet-contrib-embed]: New version: [2024.4.28.2137] Old Version: [2024.4.28.2105]
[2024-04-29 00:15:01] INFO root fetch - processPackages [flet-contrib-pyodide]: New version: [2024.4.28.2137] Old Version: [2024.4.28.2105]
[2024-04-29 00:15:01] INFO root fetch - processPackages [eventeditor-GPT]: New version: [1.3.8] Old Version: [1.0.3]
[2024-04-29 00:15:01] INFO root fetch - processPackages [sparkle-log]: New version: [0.4.0] Old Version: [0.3.0]
[2024-04-29 00:15:01] WARNING root fetch - processPackages [flet-contrib-runtime]: Skipping, unable to determine old version
[2024-04-29 00:15:01] INFO root fetch - main [MainThread]: End processing [flet-contrib-runtime] error
[2024-04-29 00:15:01] WARNING root fetch - processPackages [flet-contribute]: Skipping, unable to determine old version
[2024-04-29 00:15:01] INFO root fetch - main [MainThread]: End processing [flet-contribute] error
[2024-04-29 00:15:01] INFO root fetch - processPackages [nova-framework]: Downloading https://files.pythonhosted.org/packages/37/ca/551979653c0f54cd2c4b7b8982a91b3c6b62f6eeb63594c094f5876dc4dc/nova_framework-0.3.0.tar.gz
[2024-04-29 00:15:02] INFO root fetch - processPackages [indexify-extractor-sdk]: Downloading https://files.pythonhosted.org/packages/25/fb/8dcfb1ddf593ada77ca7aebff3d9add072c6922c5b3efddeb31e991f5968/indexify-extractor-sdk-0.0.8.tar.gz
[2024-04-29 00:15:02] INFO root fetch - processPackages [flet-contrib-embed]: Downloading https://files.pythonhosted.org/packages/e0/f4/1580c3301607bc2c03679f05f5ed570f58302eb685aaf67d79db404a71a0/flet_contrib_embed-2024.4.28.2105.tar.gz
[2024-04-29 00:15:02] INFO root fetch - processPackages [flet-contrib-core]: Downloading https://files.pythonhosted.org/packages/28/a0/c785c64327d457d4554d0cbf32f1f62f78a64faccc600ca1d4479d9b2763/flet_contrib_core-2024.4.28.2105.tar.gz
[2024-04-29 00:15:02] INFO root fetch - processPackages [flet-contrib-pyodide]: Downloading https://files.pythonhosted.org/packages/b4/bf/def82b990de5ee261b0b3d9a4a12e8ebdedda3c0532f402316f7b8f20cb2/flet_contrib_pyodide-2024.4.28.2105.tar.gz
[2024-04-29 00:15:02] WARNING root fetch - processPackages [nova-framework]: Skipping package: exceeds size limit 39105823>=10485760
[2024-04-29 00:15:02] INFO root fetch - main [MainThread]: End processing [nova-framework] error
[2024-04-29 00:15:02] INFO root fetch - processPackages [eventeditor-GPT]: Downloading https://files.pythonhosted.org/packages/f9/c0/721bb50df1b8041b2086dd5cc18a7bb15b3453a4672a4e3d6c1ff8cf75c2/eventeditor-GPT-1.0.3.tar.gz
[2024-04-29 00:15:02] INFO root fetch - processPackages [sparkle-log]: Downloading https://files.pythonhosted.org/packages/5f/02/f60ae5a9e23dc17f562ddfcbf5679451f4c35f4685d949d8889e86466e4a/sparkle_log-0.3.0.tar.gz
[2024-04-29 00:15:02] ERROR root fetch - processPackages [flet-contrib-embed]: Unable to fetch info: No such project/version 'flet-contrib-embed' 2024.4.28.2137
[2024-04-29 00:15:02] INFO root fetch - main [MainThread]: End processing [flet-contrib-embed] error
[2024-04-29 00:15:02] ERROR root fetch - processPackages [flet-contrib-core]: Unable to fetch info: No such project/version 'flet-contrib-core' 2024.4.28.2137
[2024-04-29 00:15:02] INFO root fetch - main [MainThread]: End processing [flet-contrib-core] error
[2024-04-29 00:15:02] ERROR root fetch - processPackages [flet-contrib-pyodide]: Unable to fetch info: No such project/version 'flet-contrib-pyodide' 2024.4.28.2137
[2024-04-29 00:15:02] INFO root fetch - main [MainThread]: End processing [flet-contrib-pyodide] error
[2024-04-29 00:15:02] INFO root fetch - processPackages [indexify-extractor-sdk]: Downloading https://files.pythonhosted.org/packages/6b/69/1a816cb64f283ffbd7a285fc0aacdf84a8f4bc7214eaab78ac42be5e93ba/indexify-extractor-sdk-0.0.9.tar.gz
[2024-04-29 00:15:02] INFO root fetch - processPackages [eventeditor-GPT]: Downloading https://files.pythonhosted.org/packages/da/48/f5588b121857313b9b6b086dcd9cdc867db0d4d6684f630b3c8ea12682cb/eventeditor_GPT-1.3.8-py3-none-any.whl
[2024-04-29 00:15:02] INFO root fetch - processPackages [sparkle-log]: Downloading https://files.pythonhosted.org/packages/3d/2c/736dbf3a5461993b734e8c592345202d8e5dda5483eecd2b9893445a7834/sparkle_log-0.4.0.tar.gz
[2024-04-29 00:15:02] INFO root fetch - processPackages [indexify-extractor-sdk]: executing diffoscope
[2024-04-29 00:15:02] INFO root fetch - processPackages [indexify-extractor-sdk]: podman run --user 0:0 --rm -w /home/abi/fetcher -v /home/abi/fetcher/tmp:/home/abi/fetcher/tmp:ro -v /home/abi/fetcher/20240429:/home/abi/fetcher/20240429:rw registry.salsa.debian.org/reproducible-builds/diffoscope --no-progress tmp/indexify-extractor-sdk-0.0.8.tar.gz tmp/indexify-extractor-sdk-0.0.9.tar.gz --markdown 20240429/i/indexify-extractor-sdk/0.0.8-0.0.9/README.md --exclude *.pyd
[2024-04-29 00:15:02] INFO root fetch - processPackages [eventeditor-GPT]: executing diffoscope
[2024-04-29 00:15:02] INFO root fetch - processPackages [eventeditor-GPT]: podman run --user 0:0 --rm -w /home/abi/fetcher -v /home/abi/fetcher/tmp:/home/abi/fetcher/tmp:ro -v /home/abi/fetcher/20240429:/home/abi/fetcher/20240429:rw registry.salsa.debian.org/reproducible-builds/diffoscope --no-progress tmp/eventeditor-GPT-1.0.3.tar.gz tmp/eventeditor_GPT-1.3.8-py3-none-any.whl.zip --markdown 20240429/e/eventeditor-GPT/1.0.3-1.3.8/README.md --exclude *.pyd
[2024-04-29 00:15:02] INFO root fetch - processPackages [sparkle-log]: executing diffoscope
[2024-04-29 00:15:02] INFO root fetch - processPackages [sparkle-log]: podman run --user 0:0 --rm -w /home/abi/fetcher -v /home/abi/fetcher/tmp:/home/abi/fetcher/tmp:ro -v /home/abi/fetcher/20240429:/home/abi/fetcher/20240429:rw registry.salsa.debian.org/reproducible-builds/diffoscope --no-progress tmp/sparkle_log-0.3.0.tar.gz tmp/sparkle_log-0.4.0.tar.gz --markdown 20240429/s/sparkle-log/0.3.0-0.4.0/README.md --exclude *.pyd
[2024-04-29 00:15:03] INFO root fetch - processPackages [eventeditor-GPT]: Remove: archive file [/home/abi/fetcher/tmp/eventeditor-GPT-1.0.3.tar.gz]
[2024-04-29 00:15:03] INFO root fetch - processPackages [eventeditor-GPT]: Remove: archive file [/home/abi/fetcher/tmp/eventeditor_GPT-1.3.8-py3-none-any.whl.zip]
[2024-04-29 00:15:03] INFO root fetch - main [MainThread]: End processing [eventeditor-GPT]: success
[2024-04-29 00:15:03] INFO root fetch - processPackages [indexify-extractor-sdk]: Remove: archive file [/home/abi/fetcher/tmp/indexify-extractor-sdk-0.0.8.tar.gz]
[2024-04-29 00:15:03] INFO root fetch - processPackages [indexify-extractor-sdk]: Remove: archive file [/home/abi/fetcher/tmp/indexify-extractor-sdk-0.0.9.tar.gz]
[2024-04-29 00:15:03] INFO root fetch - main [MainThread]: End processing [indexify-extractor-sdk]: success
[2024-04-29 00:15:03] INFO root fetch - processPackages [sparkle-log]: Remove: archive file [/home/abi/fetcher/tmp/sparkle_log-0.3.0.tar.gz]
[2024-04-29 00:15:03] INFO root fetch - processPackages [sparkle-log]: Remove: archive file [/home/abi/fetcher/tmp/sparkle_log-0.4.0.tar.gz]
[2024-04-29 00:15:03] INFO root fetch - main [MainThread]: End processing [sparkle-log]: success
[2024-04-29 00:15:03] INFO root fetch - main [MainThread]: Store serial: [22971255]
[2024-04-29 00:17:06] INFO root fetch - main [MainThread]: Get Changelog since Serial: [22971255]
[2024-04-29 00:17:11] INFO root fetch - main [MainThread]: Found 1 changed packages
[2024-04-29 00:17:11] INFO root fetch - processPackages [ThreadPoolExecutor-0_0]: Start processing: sayd
[2024-04-29 00:17:11] INFO root fetch - processPackages [sayd]: New version: [1.2.9] Old Version: [1.2.8]
[2024-04-29 00:17:11] INFO root fetch - processPackages [sayd]: Downloading https://files.pythonhosted.org/packages/fc/88/a204e44269e7ae0176b54829c488fced0ac4dd80735d2e20ebd39a9d58d6/sayd-1.2.8.tar.gz
[2024-04-29 00:17:11] INFO root fetch - processPackages [sayd]: Downloading https://files.pythonhosted.org/packages/32/38/3204165597cc0cf2982026557fcb89b2f0e54c707be4bcbf791084fe5e9d/sayd-1.2.9.tar.gz
[2024-04-29 00:17:12] INFO root fetch - processPackages [sayd]: executing diffoscope
[2024-04-29 00:17:12] INFO root fetch - processPackages [sayd]: podman run --user 0:0 --rm -w /home/abi/fetcher -v /home/abi/fetcher/tmp:/home/abi/fetcher/tmp:ro -v /home/abi/fetcher/20240429:/home/abi/fetcher/20240429:rw registry.salsa.debian.org/reproducible-builds/diffoscope --no-progress tmp/sayd-1.2.8.tar.gz tmp/sayd-1.2.9.tar.gz --markdown 20240429/s/sayd/1.2.8-1.2.9/README.md --exclude *.pyd
[2024-04-29 00:17:12] INFO root fetch - processPackages [sayd]: Remove: archive file [/home/abi/fetcher/tmp/sayd-1.2.8.tar.gz]
[2024-04-29 00:17:12] INFO root fetch - processPackages [sayd]: Remove: archive file [/home/abi/fetcher/tmp/sayd-1.2.9.tar.gz]
[2024-04-29 00:17:12] INFO root fetch - main [MainThread]: End processing [sayd]: success
[2024-04-29 00:17:12] INFO root fetch - main [MainThread]: Store serial: [22971258]
[2024-04-29 00:19:16] INFO root fetch - main [MainThread]: Get Changelog since Serial: [22971258]
[2024-04-29 00:19:21] INFO root fetch - main [MainThread]: Found 1 changed packages
[2024-04-29 00:19:21] INFO root fetch - processPackages [ThreadPoolExecutor-0_0]: Start processing: netsome
[2024-04-29 00:19:21] INFO root fetch - processPackages [netsome]: New version: [0.3.6] Old Version: [0.3.5]
[2024-04-29 00:19:21] INFO root fetch - processPackages [netsome]: Downloading https://files.pythonhosted.org/packages/b6/68/34b1910e814a591d91823868460c838b3db8b5feddc0ca7777d4763054a1/netsome-0.3.5.tar.gz
[2024-04-29 00:19:21] INFO root fetch - processPackages [netsome]: Downloading https://files.pythonhosted.org/packages/7d/d1/0894ff8534619d0fe2513e92b5c2395e140d070d943cc3ece44897de1914/netsome-0.3.6.tar.gz
[2024-04-29 00:19:21] INFO root fetch - processPackages [netsome]: executing diffoscope
[2024-04-29 00:19:21] INFO root fetch - processPackages [netsome]: podman run --user 0:0 --rm -w /home/abi/fetcher -v /home/abi/fetcher/tmp:/home/abi/fetcher/tmp:ro -v /home/abi/fetcher/20240429:/home/abi/fetcher/20240429:rw registry.salsa.debian.org/reproducible-builds/diffoscope --no-progress tmp/netsome-0.3.5.tar.gz tmp/netsome-0.3.6.tar.gz --markdown 20240429/n/netsome/0.3.5-0.3.6/README.md --exclude *.pyd
[2024-04-29 00:19:22] INFO root fetch - processPackages [netsome]: Remove: archive file [/home/abi/fetcher/tmp/netsome-0.3.5.tar.gz]
[2024-04-29 00:19:22] INFO root fetch - processPackages [netsome]: Remove: archive file [/home/abi/fetcher/tmp/netsome-0.3.6.tar.gz]
[2024-04-29 00:19:22] INFO root fetch - main [MainThread]: End processing [netsome]: success
[2024-04-29 00:19:22] INFO root fetch - main [MainThread]: Store serial: [22971261]
[2024-04-29 00:21:26] INFO root fetch - main [MainThread]: Get Changelog since Serial: [22971261]
[2024-04-29 00:21:30] INFO root fetch - main [MainThread]: Found 1 changed packages
[2024-04-29 00:21:30] INFO root fetch - processPackages [ThreadPoolExecutor-0_0]: Start processing: oresat-c3
[2024-04-29 00:21:30] INFO root fetch - processPackages [oresat-c3]: New version: [0.3.0] Old Version: [0.2.3]
[2024-04-29 00:21:31] INFO root fetch - processPackages [oresat-c3]: Downloading https://files.pythonhosted.org/packages/6d/75/900e9ac25f94796bfea504e44c76af79f154e986374dd8bff3700f3ab723/oresat-c3-0.2.3.tar.gz
[2024-04-29 00:21:31] INFO root fetch - processPackages [oresat-c3]: Downloading https://files.pythonhosted.org/packages/4d/b2/81da9cad4bb1870f64d92b90e9f10ee74082c28cfaa90964353a70745f06/oresat_c3-0.3.0.tar.gz
[2024-04-29 00:21:31] INFO root fetch - processPackages [oresat-c3]: executing diffoscope
[2024-04-29 00:21:31] INFO root fetch - processPackages [oresat-c3]: podman run --user 0:0 --rm -w /home/abi/fetcher -v /home/abi/fetcher/tmp:/home/abi/fetcher/tmp:ro -v /home/abi/fetcher/20240429:/home/abi/fetcher/20240429:rw registry.salsa.debian.org/reproducible-builds/diffoscope --no-progress tmp/oresat-c3-0.2.3.tar.gz tmp/oresat_c3-0.3.0.tar.gz --markdown 20240429/o/oresat-c3/0.2.3-0.3.0/README.md --exclude *.pyd
[2024-04-29 00:21:32] INFO root fetch - processPackages [oresat-c3]: Remove: archive file [/home/abi/fetcher/tmp/oresat-c3-0.2.3.tar.gz]
[2024-04-29 00:21:32] INFO root fetch - processPackages [oresat-c3]: Remove: archive file [/home/abi/fetcher/tmp/oresat_c3-0.3.0.tar.gz]
[2024-04-29 00:21:32] INFO root fetch - main [MainThread]: End processing [oresat-c3]: success
[2024-04-29 00:21:32] INFO root fetch - main [MainThread]: Store serial: [22971264]
